<?xml version="1.0" encoding="UTF-8"?>
<testng-results skipped="0" failed="1" total="1" passed="0">
  <reporter-output>
  </reporter-output>
  <suite name="Default suite" duration-ms="102266" started-at="2016-07-22T03:54:34Z" finished-at="2016-07-22T03:56:16Z">
    <groups>
    </groups>
    <test name="Default test" duration-ms="102266" started-at="2016-07-22T03:54:34Z" finished-at="2016-07-22T03:56:16Z">
      <class name="demotestWeixin.TestWeixin">
        <test-method status="PASS" signature="setUp()[pri:0, instance:demotestWeixin.TestWeixin@2752f6e2]" name="setUp" is-config="true" duration-ms="9028" started-at="2016-07-22T11:54:34Z" finished-at="2016-07-22T11:54:43Z">
          <reporter-output>
          </reporter-output>
        </test-method> <!-- setUp -->
        <test-method status="FAIL" signature="TestFD()[pri:0, instance:demotestWeixin.TestWeixin@2752f6e2]" name="TestFD" duration-ms="93205" started-at="2016-07-22T11:54:43Z" finished-at="2016-07-22T11:56:16Z">
          <exception class="org.openqa.selenium.WebDriverException">
            <message>
              <![CDATA[UiAutomator died while responding to command, please check appium logs! (WARNING: The server did not provide any stacktrace information)
Command duration or timeout: 41.52 seconds
Build info: version: '2.53.0', revision: '35ae25b1534ae328c771e0856c93e187490ca824', time: '2016-03-15 10:43:46'
System info: host: 'yfzx-hzweisc', ip: '192.168.5.57', os.name: 'Windows 7', os.arch: 'amd64', os.version: '6.1', java.version: '1.8.0_77'
Driver info: io.appium.java_client.android.AndroidDriver
Capabilities [{app=F:\test\AppAutoTest\resource\apps\weixin_821.apk, networkConnectionEnabled=true, warnings={}, databaseEnabled=false, deviceName=a8aad378, version=5.1.1, platform=LINUX, desired={app=F:\test\AppAutoTest\resource\apps\weixin_821.apk, platformName=Android, udid=a8aad378, deviceName=Xiaomi Mi-4c, version=5.1.1}, platformVersion=5.1.1, webStorageEnabled=false, locationContextEnabled=false, browserName=Android, takesScreenshot=true, javascriptEnabled=true, platformName=Android, udid=a8aad378}]
Session ID: 2d228b7c-896f-4e8a-b2a8-a9fb743596ff]]>
            </message>
            <full-stacktrace>
              <![CDATA[org.openqa.selenium.WebDriverException: UiAutomator died while responding to command, please check appium logs! (WARNING: The server did not provide any stacktrace information)
Command duration or timeout: 41.52 seconds
Build info: version: '2.53.0', revision: '35ae25b1534ae328c771e0856c93e187490ca824', time: '2016-03-15 10:43:46'
System info: host: 'yfzx-hzweisc', ip: '192.168.5.57', os.name: 'Windows 7', os.arch: 'amd64', os.version: '6.1', java.version: '1.8.0_77'
Driver info: io.appium.java_client.android.AndroidDriver
Capabilities [{app=F:\test\AppAutoTest\resource\apps\weixin_821.apk, networkConnectionEnabled=true, warnings={}, databaseEnabled=false, deviceName=a8aad378, version=5.1.1, platform=LINUX, desired={app=F:\test\AppAutoTest\resource\apps\weixin_821.apk, platformName=Android, udid=a8aad378, deviceName=Xiaomi Mi-4c, version=5.1.1}, platformVersion=5.1.1, webStorageEnabled=false, locationContextEnabled=false, browserName=Android, takesScreenshot=true, javascriptEnabled=true, platformName=Android, udid=a8aad378}]
Session ID: 2d228b7c-896f-4e8a-b2a8-a9fb743596ff
	at sun.reflect.NativeConstructorAccessorImpl.newInstance0(Native Method)
	at sun.reflect.NativeConstructorAccessorImpl.newInstance(NativeConstructorAccessorImpl.java:62)
	at sun.reflect.DelegatingConstructorAccessorImpl.newInstance(DelegatingConstructorAccessorImpl.java:45)
	at java.lang.reflect.Constructor.newInstance(Constructor.java:423)
	at org.openqa.selenium.remote.ErrorHandler.createThrowable(ErrorHandler.java:206)
	at org.openqa.selenium.remote.ErrorHandler.throwIfResponseFailed(ErrorHandler.java:158)
	at org.openqa.selenium.remote.RemoteWebDriver.execute(RemoteWebDriver.java:678)
	at io.appium.java_client.DefaultGenericMobileDriver.execute(DefaultGenericMobileDriver.java:51)
	at io.appium.java_client.AppiumDriver.execute(AppiumDriver.java:1)
	at io.appium.java_client.android.AndroidDriver.execute(AndroidDriver.java:1)
	at org.openqa.selenium.remote.RemoteWebElement.execute(RemoteWebElement.java:327)
	at io.appium.java_client.DefaultGenericMobileElement.execute(DefaultGenericMobileElement.java:46)
	at io.appium.java_client.MobileElement.execute(MobileElement.java:1)
	at io.appium.java_client.android.AndroidElement.execute(AndroidElement.java:1)
	at org.openqa.selenium.remote.RemoteWebElement.click(RemoteWebElement.java:85)
	at sun.reflect.GeneratedMethodAccessor1.invoke(Unknown Source)
	at sun.reflect.DelegatingMethodAccessorImpl.invoke(DelegatingMethodAccessorImpl.java:43)
	at java.lang.reflect.Method.invoke(Method.java:498)
	at org.openqa.selenium.support.pagefactory.internal.LocatingElementHandler.invoke(LocatingElementHandler.java:51)
	at com.sun.proxy.$Proxy6.click(Unknown Source)
	at demotestWeixin.WeiXinBehavior.点击所有(WeiXinBehavior.java:16)
	at demotestWeixin.TestWeixin.TestFD(TestWeixin.java:75)
	at sun.reflect.NativeMethodAccessorImpl.invoke0(Native Method)
	at sun.reflect.NativeMethodAccessorImpl.invoke(NativeMethodAccessorImpl.java:62)
	at sun.reflect.DelegatingMethodAccessorImpl.invoke(DelegatingMethodAccessorImpl.java:43)
	at java.lang.reflect.Method.invoke(Method.java:498)
	at org.testng.internal.MethodInvocationHelper.invokeMethod(MethodInvocationHelper.java:86)
	at org.testng.internal.Invoker.invokeMethod(Invoker.java:643)
	at org.testng.internal.Invoker.invokeTestMethod(Invoker.java:820)
	at org.testng.internal.Invoker.invokeTestMethods(Invoker.java:1128)
	at org.testng.internal.TestMethodWorker.invokeTestMethods(TestMethodWorker.java:129)
	at org.testng.internal.TestMethodWorker.run(TestMethodWorker.java:112)
	at org.testng.TestRunner.privateRun(TestRunner.java:782)
	at org.testng.TestRunner.run(TestRunner.java:632)
	at org.testng.SuiteRunner.runTest(SuiteRunner.java:366)
	at org.testng.SuiteRunner.runSequentially(SuiteRunner.java:361)
	at org.testng.SuiteRunner.privateRun(SuiteRunner.java:319)
	at org.testng.SuiteRunner.run(SuiteRunner.java:268)
	at org.testng.SuiteRunnerWorker.runSuite(SuiteRunnerWorker.java:52)
	at org.testng.SuiteRunnerWorker.run(SuiteRunnerWorker.java:86)
	at org.testng.TestNG.runSuitesSequentially(TestNG.java:1244)
	at org.testng.TestNG.runSuitesLocally(TestNG.java:1169)
	at org.testng.TestNG.run(TestNG.java:1064)
	at org.testng.remote.RemoteTestNG.run(RemoteTestNG.java:113)
	at org.testng.remote.RemoteTestNG.initAndRun(RemoteTestNG.java:206)
	at org.testng.remote.RemoteTestNG.main(RemoteTestNG.java:177)
]]>
            </full-stacktrace>
          </exception> <!-- org.openqa.selenium.WebDriverException -->
          <reporter-output>
          </reporter-output>
        </test-method> <!-- TestFD -->
        <test-method status="FAIL" signature="tearDown()[pri:0, instance:demotestWeixin.TestWeixin@2752f6e2]" name="tearDown" is-config="true" duration-ms="0" started-at="2016-07-22T11:56:16Z" finished-at="2016-07-22T11:56:16Z">
          <exception class="org.openqa.selenium.remote.SessionNotFoundException">
            <message>
              <![CDATA[
Command duration or timeout: 11 milliseconds
Build info: version: '2.53.0', revision: '35ae25b1534ae328c771e0856c93e187490ca824', time: '2016-03-15 10:43:46'
System info: host: 'yfzx-hzweisc', ip: '192.168.5.57', os.name: 'Windows 7', os.arch: 'amd64', os.version: '6.1', java.version: '1.8.0_77'
Driver info: io.appium.java_client.android.AndroidDriver
Capabilities [{app=F:\test\AppAutoTest\resource\apps\weixin_821.apk, networkConnectionEnabled=true, warnings={}, databaseEnabled=false, deviceName=a8aad378, version=5.1.1, platform=LINUX, desired={app=F:\test\AppAutoTest\resource\apps\weixin_821.apk, platformName=Android, udid=a8aad378, deviceName=Xiaomi Mi-4c, version=5.1.1}, platformVersion=5.1.1, webStorageEnabled=false, locationContextEnabled=false, browserName=Android, takesScreenshot=true, javascriptEnabled=true, platformName=Android, udid=a8aad378}]
Session ID: 2d228b7c-896f-4e8a-b2a8-a9fb743596ff]]>
            </message>
            <full-stacktrace>
              <![CDATA[org.openqa.selenium.remote.SessionNotFoundException: 
Command duration or timeout: 11 milliseconds
Build info: version: '2.53.0', revision: '35ae25b1534ae328c771e0856c93e187490ca824', time: '2016-03-15 10:43:46'
System info: host: 'yfzx-hzweisc', ip: '192.168.5.57', os.name: 'Windows 7', os.arch: 'amd64', os.version: '6.1', java.version: '1.8.0_77'
Driver info: io.appium.java_client.android.AndroidDriver
Capabilities [{app=F:\test\AppAutoTest\resource\apps\weixin_821.apk, networkConnectionEnabled=true, warnings={}, databaseEnabled=false, deviceName=a8aad378, version=5.1.1, platform=LINUX, desired={app=F:\test\AppAutoTest\resource\apps\weixin_821.apk, platformName=Android, udid=a8aad378, deviceName=Xiaomi Mi-4c, version=5.1.1}, platformVersion=5.1.1, webStorageEnabled=false, locationContextEnabled=false, browserName=Android, takesScreenshot=true, javascriptEnabled=true, platformName=Android, udid=a8aad378}]
Session ID: 2d228b7c-896f-4e8a-b2a8-a9fb743596ff
	at sun.reflect.NativeConstructorAccessorImpl.newInstance0(Native Method)
	at sun.reflect.NativeConstructorAccessorImpl.newInstance(NativeConstructorAccessorImpl.java:62)
	at sun.reflect.DelegatingConstructorAccessorImpl.newInstance(DelegatingConstructorAccessorImpl.java:45)
	at java.lang.reflect.Constructor.newInstance(Constructor.java:423)
	at org.openqa.selenium.remote.ErrorHandler.createThrowable(ErrorHandler.java:206)
	at org.openqa.selenium.remote.ErrorHandler.throwIfResponseFailed(ErrorHandler.java:158)
	at org.openqa.selenium.remote.RemoteWebDriver.execute(RemoteWebDriver.java:678)
	at io.appium.java_client.DefaultGenericMobileDriver.execute(DefaultGenericMobileDriver.java:51)
	at io.appium.java_client.AppiumDriver.execute(AppiumDriver.java:268)
	at org.openqa.selenium.remote.RemoteWebDriver.quit(RemoteWebDriver.java:526)
	at demotestWeixin.TestWeixin.tearDown(TestWeixin.java:52)
	at sun.reflect.NativeMethodAccessorImpl.invoke0(Native Method)
	at sun.reflect.NativeMethodAccessorImpl.invoke(NativeMethodAccessorImpl.java:62)
	at sun.reflect.DelegatingMethodAccessorImpl.invoke(DelegatingMethodAccessorImpl.java:43)
	at java.lang.reflect.Method.invoke(Method.java:498)
	at org.testng.internal.MethodInvocationHelper.invokeMethod(MethodInvocationHelper.java:86)
	at org.testng.internal.Invoker.invokeConfigurationMethod(Invoker.java:514)
	at org.testng.internal.Invoker.invokeConfigurations(Invoker.java:215)
	at org.testng.internal.Invoker.invokeMethod(Invoker.java:707)
	at org.testng.internal.Invoker.invokeTestMethod(Invoker.java:820)
	at org.testng.internal.Invoker.invokeTestMethods(Invoker.java:1128)
	at org.testng.internal.TestMethodWorker.invokeTestMethods(TestMethodWorker.java:129)
	at org.testng.internal.TestMethodWorker.run(TestMethodWorker.java:112)
	at org.testng.TestRunner.privateRun(TestRunner.java:782)
	at org.testng.TestRunner.run(TestRunner.java:632)
	at org.testng.SuiteRunner.runTest(SuiteRunner.java:366)
	at org.testng.SuiteRunner.runSequentially(SuiteRunner.java:361)
	at org.testng.SuiteRunner.privateRun(SuiteRunner.java:319)
	at org.testng.SuiteRunner.run(SuiteRunner.java:268)
	at org.testng.SuiteRunnerWorker.runSuite(SuiteRunnerWorker.java:52)
	at org.testng.SuiteRunnerWorker.run(SuiteRunnerWorker.java:86)
	at org.testng.TestNG.runSuitesSequentially(TestNG.java:1244)
	at org.testng.TestNG.runSuitesLocally(TestNG.java:1169)
	at org.testng.TestNG.run(TestNG.java:1064)
	at org.testng.remote.RemoteTestNG.run(RemoteTestNG.java:113)
	at org.testng.remote.RemoteTestNG.initAndRun(RemoteTestNG.java:206)
	at org.testng.remote.RemoteTestNG.main(RemoteTestNG.java:177)
]]>
            </full-stacktrace>
          </exception> <!-- org.openqa.selenium.remote.SessionNotFoundException -->
          <reporter-output>
          </reporter-output>
        </test-method> <!-- tearDown -->
      </class> <!-- demotestWeixin.TestWeixin -->
    </test> <!-- Default test -->
  </suite> <!-- Default suite -->
</testng-results>
